<?xml version="1.0" encoding="UTF-8"?>
<testsuite xmlns:xsi="http://www.w3.org/2001/XMLSchema-instance" xsi:noNamespaceSchemaLocation="https://maven.apache.org/surefire/maven-surefire-plugin/xsd/surefire-test-report.xsd" name="DuplicateTest" time="0.043" tests="5" errors="0" skipped="0" failures="0">
  <properties>
[...]
</properties>
  <testcase name="testAdd" classname="DuplicateTest" time="0.025"/>
  <testcase name="testFilePaths" classname="DuplicateTest" time="0.003"/>
  <testcase name="testGetPath" classname="DuplicateTest" time="0.001"/>
  <testcase name="testContains" classname="DuplicateTest" time="0.002"/>
  <testcase name="testGetFileName" classname="DuplicateTest" time="0.003"/>
</testsuite>